生成启动时间为 2019/6/25 17:10:38。
     1>项目“D:\VC_Project\DesignPattern\Memento\Memento.vcxproj”在节点 2 上(build 个目标)。
     1>InitializeBuildStatus:
         正在对“Debug\Memento.unsuccessfulbuild”执行 Touch 任务。
       ClCompile:
         C:\Program Files (x86)\Microsoft Visual Studio 10.0\VC\bin\CL.exe /c /ZI /nologo /W3 /WX- /Od /Oy- /D WIN32 /D _DEBUG /D _CONSOLE /D _UNICODE /D UNICODE /Gm /EHsc /RTC1 /MDd /GS /fp:precise /Zc:wchar_t /Zc:forScope /Fo"Debug\\" /Fd"Debug\vc100.pdb" /Gd /TP /analyze- /errorReport:prompt Memento.cpp
         Memento.cpp
       ManifestResourceCompile:
         所有输出均为最新。
       Link:
         C:\Program Files (x86)\Microsoft Visual Studio 10.0\VC\bin\link.exe /ERRORREPORT:PROMPT /OUT:"D:\VC_Project\DesignPattern\Builder\Debug\Memento.exe" /INCREMENTAL /NOLOGO kernel32.lib user32.lib gdi32.lib winspool.lib comdlg32.lib advapi32.lib shell32.lib ole32.lib oleaut32.lib uuid.lib odbc32.lib odbccp32.lib /MANIFEST /ManifestFile:"Debug\Memento.exe.intermediate.manifest" /MANIFESTUAC:"level='asInvoker' uiAccess='false'" /DEBUG /PDB:"D:\VC_Project\DesignPattern\Builder\Debug\Memento.pdb" /SUBSYSTEM:CONSOLE /TLBID:1 /DYNAMICBASE /NXCOMPAT /IMPLIB:"D:\VC_Project\DesignPattern\Builder\Debug\Memento.lib" /MACHINE:X86 Debug\Memento.exe.embed.manifest.res
         Debug\main.obj
         Debug\Memento.obj
       Manifest:
         C:\Program Files (x86)\Microsoft SDKs\Windows\v7.0A\bin\mt.exe /nologo /verbose /out:"Debug\Memento.exe.embed.manifest" /manifest Debug\Memento.exe.intermediate.manifest
         所有输出均为最新。
       LinkEmbedManifest:
         所有输出均为最新。
         Memento.vcxproj -> D:\VC_Project\DesignPattern\Builder\Debug\Memento.exe
       FinalizeBuildStatus:
         正在删除文件“Debug\Memento.unsuccessfulbuild”。
         正在对“Debug\Memento.lastbuildstate”执行 Touch 任务。
     1>已完成生成项目“D:\VC_Project\DesignPattern\Memento\Memento.vcxproj”(build 个目标)的操作。

生成成功。

已用时间 00:00:01.07
